<?xml version="1.0" encoding="UTF-8"?>
<!-- Generated by org.testng.reporters.JUnitReportReporter -->
<testsuite hostname="Pankaj-PC" name="TestA" tests="1" failures="0" timestamp="19 Jun 2017 16:02:32 GMT" time="0.000" errors="0">
  <testcase name="testA" time="0.000" classname="TestA"/>
</testsuite> <!-- TestA -->
